<?xml version="1.0" encoding="UTF-8"?>
<!-- Generated by org.testng.reporters.JUnitXMLReporter -->
<testsuite ignored="7" hostname="LAPTOP-NMT7PGGN" failures="0" tests="1" name="Default test" time="12.749" errors="0" timestamp="2025-06-14T01:29:35 IST">
  <testcase classname="orangeHrm.AdminPageTestCases" name="createUser" time="8.422"/>
  <testcase classname="orangeHrm.AdminPageTestCases" name="searchByUsername" time="0.0">
    <ignored/>
  </testcase> <!-- searchByUsername -->
  <testcase classname="orangeHrm.AdminPageTestCases" name="searchByStatus" time="0.0">
    <ignored/>
  </testcase> <!-- searchByStatus -->
  <testcase classname="orangeHrm.AdminPageTestCases" name="searchByUserRole" time="0.0">
    <ignored/>
  </testcase> <!-- searchByUserRole -->
  <testcase classname="orangeHrm.AdminPageTestCases" name="searchByEmployeeName" time="0.0">
    <ignored/>
  </testcase> <!-- searchByEmployeeName -->
  <testcase classname="orangeHrm.AdminPageTestCases" name="changePassword" time="0.0">
    <ignored/>
  </testcase> <!-- changePassword -->
  <testcase classname="orangeHrm.AdminPageTestCases" name="editUser" time="0.0">
    <ignored/>
  </testcase> <!-- editUser -->
  <testcase classname="orangeHrm.AdminPageTestCases" name="adminUserManagementUserRecords" time="0.0">
    <ignored/>
  </testcase> <!-- adminUserManagementUserRecords -->
</testsuite> <!-- Default test -->
