<?xml version="1.0" encoding="UTF-8"?>
<!-- Generated by org.testng.reporters.JUnitXMLReporter -->
<testsuite ignored="1" hostname="LAPTOP-NMT7PGGN" failures="0" tests="9" name="Test" time="368.847" errors="0" timestamp="2025-06-23T23:23:55 IST">
  <testcase classname="orangeHrm.AdminPageFiltrationTestCases" name="adminUserManagementUserRecords" time="6.476"/>
  <testcase classname="orangeHrm.AdminPageFiltrationTestCases" name="searchByEmployeeName" time="71.45"/>
  <testcase classname="orangeHrm.AdminPageFiltrationTestCases" name="searchByEmployeeName" time="72.514"/>
  <testcase classname="orangeHrm.AdminPageFiltrationTestCases" name="searchByEmployeeName" time="78.878"/>
  <testcase classname="orangeHrm.AdminPageFiltrationTestCases" name="searchByEmployeeName" time="79.341"/>
  <testcase classname="orangeHrm.AdminPageFiltrationTestCases" name="searchByUserRole" time="6.582"/>
  <testcase classname="orangeHrm.AdminPageFiltrationTestCases" name="searchByUsername" time="4.957"/>
  <testcase classname="orangeHrm.AdminPageFiltrationTestCases" name="searchByUsername" time="4.898"/>
  <testcase classname="orangeHrm.AdminPageFiltrationTestCases" name="searchByUsername" time="5.005"/>
  <testcase classname="orangeHrm.AdminPageFiltrationTestCases" name="searchByStatus" time="0.0">
    <ignored/>
  </testcase> <!-- searchByStatus -->
</testsuite> <!-- Test -->
