<?xml version="1.0" encoding="UTF-8"?>
<testng-results ignored="7" total="8" passed="1" failed="0" skipped="0">
  <reporter-output>
  </reporter-output>
  <suite started-at="2025-06-21T13:11:42 IST" name="Suite" finished-at="2025-06-21T13:12:02 IST" duration-ms="20648">
    <groups>
    </groups>
    <test started-at="2025-06-21T13:11:42 IST" name="Test" finished-at="2025-06-21T13:12:02 IST" duration-ms="20648">
      <class name="orangeHrm.AdminPageTestCases">
        <test-method is-config="true" signature="launchApplication()[pri:0, instance:orangeHrm.AdminPageTestCases@131774fe]" started-at="2025-06-21T13:11:42 IST" name="launchApplication" finished-at="2025-06-21T13:11:46 IST" duration-ms="4246" status="PASS">
          <reporter-output>
          </reporter-output>
        </test-method> <!-- launchApplication -->
        <test-method signature="createUser()[pri:0, instance:orangeHrm.AdminPageTestCases@131774fe]" started-at="2025-06-21T13:11:46 IST" name="createUser" finished-at="2025-06-21T13:12:01 IST" duration-ms="14884" status="PASS">
          <reporter-output>
          </reporter-output>
        </test-method> <!-- createUser -->
        <test-method is-config="true" signature="closeApplication()[pri:0, instance:orangeHrm.AdminPageTestCases@131774fe]" started-at="2025-06-21T13:12:01 IST" name="closeApplication" finished-at="2025-06-21T13:12:02 IST" duration-ms="1480" status="PASS">
          <reporter-output>
          </reporter-output>
        </test-method> <!-- closeApplication -->
      </class> <!-- orangeHrm.AdminPageTestCases -->
    </test> <!-- Test -->
  </suite> <!-- Suite -->
</testng-results>
