<?xml version="1.0" encoding="UTF-8"?>
<testng-results ignored="1" total="10" passed="9" failed="0" skipped="0">
  <reporter-output>
  </reporter-output>
  <suite started-at="2025-06-23T23:17:46 IST" name="Suite" finished-at="2025-06-23T23:23:55 IST" duration-ms="368847">
    <groups>
    </groups>
    <test started-at="2025-06-23T23:17:46 IST" name="Test" finished-at="2025-06-23T23:23:55 IST" duration-ms="368847">
      <class name="orangeHrm.AdminPageFiltrationTestCases">
        <test-method is-config="true" signature="launchApplication()[pri:0, instance:orangeHrm.AdminPageFiltrationTestCases@59309333]" started-at="2025-06-23T23:17:46 IST" name="launchApplication" finished-at="2025-06-23T23:17:50 IST" duration-ms="4229" status="PASS">
          <reporter-output>
          </reporter-output>
        </test-method> <!-- launchApplication -->
        <test-method signature="adminUserManagementUserRecords()[pri:0, instance:orangeHrm.AdminPageFiltrationTestCases@59309333]" started-at="2025-06-23T23:17:50 IST" name="adminUserManagementUserRecords" finished-at="2025-06-23T23:17:57 IST" duration-ms="6476" status="PASS">
          <reporter-output>
          </reporter-output>
        </test-method> <!-- adminUserManagementUserRecords -->
        <test-method is-config="true" signature="closeApplication()[pri:0, instance:orangeHrm.AdminPageFiltrationTestCases@59309333]" started-at="2025-06-23T23:17:57 IST" name="closeApplication" finished-at="2025-06-23T23:17:57 IST" duration-ms="225" status="PASS">
          <reporter-output>
          </reporter-output>
        </test-method> <!-- closeApplication -->
        <test-method is-config="true" signature="launchApplication()[pri:0, instance:orangeHrm.AdminPageFiltrationTestCases@59309333]" started-at="2025-06-23T23:17:57 IST" name="launchApplication" finished-at="2025-06-23T23:18:00 IST" duration-ms="3305" status="PASS">
          <reporter-output>
          </reporter-output>
        </test-method> <!-- launchApplication -->
        <test-method signature="searchByEmployeeName(java.lang.String)[pri:0, instance:orangeHrm.AdminPageFiltrationTestCases@59309333]" started-at="2025-06-23T23:18:00 IST" name="searchByEmployeeName" data-provider="getEmployeeDate" finished-at="2025-06-23T23:19:12 IST" duration-ms="71450" status="PASS">
          <params>
            <param index="0">
              <value>
                <![CDATA[Jobin]]>
              </value>
            </param>
          </params>
          <reporter-output>
          </reporter-output>
        </test-method> <!-- searchByEmployeeName -->
        <test-method is-config="true" signature="closeApplication()[pri:0, instance:orangeHrm.AdminPageFiltrationTestCases@59309333]" started-at="2025-06-23T23:19:12 IST" name="closeApplication" finished-at="2025-06-23T23:19:12 IST" duration-ms="212" status="PASS">
          <reporter-output>
          </reporter-output>
        </test-method> <!-- closeApplication -->
        <test-method is-config="true" signature="launchApplication()[pri:0, instance:orangeHrm.AdminPageFiltrationTestCases@59309333]" started-at="2025-06-23T23:19:12 IST" name="launchApplication" finished-at="2025-06-23T23:19:16 IST" duration-ms="4088" status="PASS">
          <reporter-output>
          </reporter-output>
        </test-method> <!-- launchApplication -->
        <test-method signature="searchByEmployeeName(java.lang.String)[pri:0, instance:orangeHrm.AdminPageFiltrationTestCases@59309333]" started-at="2025-06-23T23:19:16 IST" name="searchByEmployeeName" data-provider="getEmployeeDate" finished-at="2025-06-23T23:20:29 IST" duration-ms="72514" status="PASS">
          <params>
            <param index="0">
              <value>
                <![CDATA[Kenny]]>
              </value>
            </param>
          </params>
          <reporter-output>
          </reporter-output>
        </test-method> <!-- searchByEmployeeName -->
        <test-method is-config="true" signature="closeApplication()[pri:0, instance:orangeHrm.AdminPageFiltrationTestCases@59309333]" started-at="2025-06-23T23:20:29 IST" name="closeApplication" finished-at="2025-06-23T23:20:29 IST" duration-ms="273" status="PASS">
          <reporter-output>
          </reporter-output>
        </test-method> <!-- closeApplication -->
        <test-method is-config="true" signature="launchApplication()[pri:0, instance:orangeHrm.AdminPageFiltrationTestCases@59309333]" started-at="2025-06-23T23:20:29 IST" name="launchApplication" finished-at="2025-06-23T23:20:33 IST" duration-ms="3966" status="PASS">
          <reporter-output>
          </reporter-output>
        </test-method> <!-- launchApplication -->
        <test-method signature="searchByEmployeeName(java.lang.String)[pri:0, instance:orangeHrm.AdminPageFiltrationTestCases@59309333]" started-at="2025-06-23T23:20:33 IST" name="searchByEmployeeName" data-provider="getEmployeeDate" finished-at="2025-06-23T23:21:52 IST" duration-ms="78878" status="PASS">
          <params>
            <param index="0">
              <value>
                <![CDATA[Shany]]>
              </value>
            </param>
          </params>
          <reporter-output>
          </reporter-output>
        </test-method> <!-- searchByEmployeeName -->
        <test-method is-config="true" signature="closeApplication()[pri:0, instance:orangeHrm.AdminPageFiltrationTestCases@59309333]" started-at="2025-06-23T23:21:52 IST" name="closeApplication" finished-at="2025-06-23T23:21:52 IST" duration-ms="225" status="PASS">
          <reporter-output>
          </reporter-output>
        </test-method> <!-- closeApplication -->
        <test-method is-config="true" signature="launchApplication()[pri:0, instance:orangeHrm.AdminPageFiltrationTestCases@59309333]" started-at="2025-06-23T23:21:52 IST" name="launchApplication" finished-at="2025-06-23T23:21:58 IST" duration-ms="5617" status="PASS">
          <reporter-output>
          </reporter-output>
        </test-method> <!-- launchApplication -->
        <test-method signature="searchByEmployeeName(java.lang.String)[pri:0, instance:orangeHrm.AdminPageFiltrationTestCases@59309333]" started-at="2025-06-23T23:21:58 IST" name="searchByEmployeeName" data-provider="getEmployeeDate" finished-at="2025-06-23T23:23:17 IST" duration-ms="79341" status="PASS">
          <params>
            <param index="0">
              <value>
                <![CDATA[Ravi]]>
              </value>
            </param>
          </params>
          <reporter-output>
          </reporter-output>
        </test-method> <!-- searchByEmployeeName -->
        <test-method is-config="true" signature="closeApplication()[pri:0, instance:orangeHrm.AdminPageFiltrationTestCases@59309333]" started-at="2025-06-23T23:23:17 IST" name="closeApplication" finished-at="2025-06-23T23:23:17 IST" duration-ms="255" status="PASS">
          <reporter-output>
          </reporter-output>
        </test-method> <!-- closeApplication -->
        <test-method is-config="true" signature="launchApplication()[pri:0, instance:orangeHrm.AdminPageFiltrationTestCases@59309333]" started-at="2025-06-23T23:23:17 IST" name="launchApplication" finished-at="2025-06-23T23:23:21 IST" duration-ms="3688" status="PASS">
          <reporter-output>
          </reporter-output>
        </test-method> <!-- launchApplication -->
        <test-method signature="searchByUserRole()[pri:0, instance:orangeHrm.AdminPageFiltrationTestCases@59309333]" started-at="2025-06-23T23:23:21 IST" name="searchByUserRole" finished-at="2025-06-23T23:23:27 IST" duration-ms="6582" status="PASS">
          <reporter-output>
          </reporter-output>
        </test-method> <!-- searchByUserRole -->
        <test-method is-config="true" signature="closeApplication()[pri:0, instance:orangeHrm.AdminPageFiltrationTestCases@59309333]" started-at="2025-06-23T23:23:27 IST" name="closeApplication" finished-at="2025-06-23T23:23:28 IST" duration-ms="203" status="PASS">
          <reporter-output>
          </reporter-output>
        </test-method> <!-- closeApplication -->
        <test-method is-config="true" signature="launchApplication()[pri:0, instance:orangeHrm.AdminPageFiltrationTestCases@59309333]" started-at="2025-06-23T23:23:28 IST" name="launchApplication" finished-at="2025-06-23T23:23:32 IST" duration-ms="4001" status="PASS">
          <reporter-output>
          </reporter-output>
        </test-method> <!-- launchApplication -->
        <test-method signature="searchByUsername(java.lang.String)[pri:0, instance:orangeHrm.AdminPageFiltrationTestCases@59309333]" started-at="2025-06-23T23:23:32 IST" name="searchByUsername" data-provider="getUserNameData" finished-at="2025-06-23T23:23:37 IST" duration-ms="4957" status="PASS">
          <params>
            <param index="0">
              <value>
                <![CDATA[admin]]>
              </value>
            </param>
          </params>
          <reporter-output>
          </reporter-output>
        </test-method> <!-- searchByUsername -->
        <test-method is-config="true" signature="closeApplication()[pri:0, instance:orangeHrm.AdminPageFiltrationTestCases@59309333]" started-at="2025-06-23T23:23:37 IST" name="closeApplication" finished-at="2025-06-23T23:23:37 IST" duration-ms="218" status="PASS">
          <reporter-output>
          </reporter-output>
        </test-method> <!-- closeApplication -->
        <test-method is-config="true" signature="launchApplication()[pri:0, instance:orangeHrm.AdminPageFiltrationTestCases@59309333]" started-at="2025-06-23T23:23:37 IST" name="launchApplication" finished-at="2025-06-23T23:23:40 IST" duration-ms="3102" status="PASS">
          <reporter-output>
          </reporter-output>
        </test-method> <!-- launchApplication -->
        <test-method signature="searchByUsername(java.lang.String)[pri:0, instance:orangeHrm.AdminPageFiltrationTestCases@59309333]" started-at="2025-06-23T23:23:40 IST" name="searchByUsername" data-provider="getUserNameData" finished-at="2025-06-23T23:23:45 IST" duration-ms="4898" status="PASS">
          <params>
            <param index="0">
              <value>
                <![CDATA[Nilesh]]>
              </value>
            </param>
          </params>
          <reporter-output>
          </reporter-output>
        </test-method> <!-- searchByUsername -->
        <test-method is-config="true" signature="closeApplication()[pri:0, instance:orangeHrm.AdminPageFiltrationTestCases@59309333]" started-at="2025-06-23T23:23:45 IST" name="closeApplication" finished-at="2025-06-23T23:23:45 IST" duration-ms="173" status="PASS">
          <reporter-output>
          </reporter-output>
        </test-method> <!-- closeApplication -->
        <test-method is-config="true" signature="launchApplication()[pri:0, instance:orangeHrm.AdminPageFiltrationTestCases@59309333]" started-at="2025-06-23T23:23:45 IST" name="launchApplication" finished-at="2025-06-23T23:23:50 IST" duration-ms="4701" status="PASS">
          <reporter-output>
          </reporter-output>
        </test-method> <!-- launchApplication -->
        <test-method signature="searchByUsername(java.lang.String)[pri:0, instance:orangeHrm.AdminPageFiltrationTestCases@59309333]" started-at="2025-06-23T23:23:50 IST" name="searchByUsername" data-provider="getUserNameData" finished-at="2025-06-23T23:23:55 IST" duration-ms="5005" status="PASS">
          <params>
            <param index="0">
              <value>
                <![CDATA[Khalate]]>
              </value>
            </param>
          </params>
          <reporter-output>
          </reporter-output>
        </test-method> <!-- searchByUsername -->
        <test-method is-config="true" signature="closeApplication()[pri:0, instance:orangeHrm.AdminPageFiltrationTestCases@59309333]" started-at="2025-06-23T23:23:55 IST" name="closeApplication" finished-at="2025-06-23T23:23:55 IST" duration-ms="210" status="PASS">
          <reporter-output>
          </reporter-output>
        </test-method> <!-- closeApplication -->
      </class> <!-- orangeHrm.AdminPageFiltrationTestCases -->
    </test> <!-- Test -->
  </suite> <!-- Suite -->
</testng-results>
