<?xml version="1.0" encoding="UTF-8"?>
<testng-results ignored="7" total="8" passed="1" failed="0" skipped="0">
  <reporter-output>
  </reporter-output>
  <suite started-at="2025-06-22T15:39:20 IST" name="Default suite" finished-at="2025-06-22T15:39:39 IST" duration-ms="19474">
    <groups>
    </groups>
    <test started-at="2025-06-22T15:39:20 IST" name="Default test" finished-at="2025-06-22T15:39:39 IST" duration-ms="19474">
      <class name="orangeHrm.AdminPageTestCases">
        <test-method is-config="true" signature="launchApplication()[pri:0, instance:orangeHrm.AdminPageTestCases@6b81ce95]" started-at="2025-06-22T15:39:20 IST" name="launchApplication" finished-at="2025-06-22T15:39:26 IST" duration-ms="6245" status="PASS">
          <reporter-output>
          </reporter-output>
        </test-method> <!-- launchApplication -->
        <test-method signature="createUser()[pri:0, instance:orangeHrm.AdminPageTestCases@6b81ce95]" started-at="2025-06-22T15:39:26 IST" name="createUser" finished-at="2025-06-22T15:39:39 IST" duration-ms="12947" status="PASS">
          <reporter-output>
          </reporter-output>
        </test-method> <!-- createUser -->
        <test-method is-config="true" signature="closeApplication()[pri:0, instance:orangeHrm.AdminPageTestCases@6b81ce95]" started-at="2025-06-22T15:39:39 IST" name="closeApplication" finished-at="2025-06-22T15:39:39 IST" duration-ms="250" status="PASS">
          <reporter-output>
          </reporter-output>
        </test-method> <!-- closeApplication -->
      </class> <!-- orangeHrm.AdminPageTestCases -->
    </test> <!-- Default test -->
  </suite> <!-- Default suite -->
</testng-results>
